<?xml version="1.0" encoding="UTF-8"?>
<testng-results skipped="0" failed="0" ignored="0" total="1" passed="1">
  <reporter-output>
  </reporter-output>
  <suite name="Default suite" duration-ms="226" started-at="2019-04-17T17:01:09Z" finished-at="2019-04-17T17:01:09Z">
    <groups>
    </groups>
    <test name="Default test" duration-ms="226" started-at="2019-04-17T17:01:09Z" finished-at="2019-04-17T17:01:09Z">
      <class name="sample.GitClass">
        <test-method status="PASS" signature="f()[pri:0, instance:sample.GitClass@3a82f6ef]" name="f" duration-ms="16" started-at="2019-04-17T22:31:09Z" finished-at="2019-04-17T22:31:09Z">
          <reporter-output>
          </reporter-output>
        </test-method> <!-- f -->
      </class> <!-- sample.GitClass -->
    </test> <!-- Default test -->
  </suite> <!-- Default suite -->
</testng-results>
