<?xml version="1.0" encoding="UTF-8"?>
<testng-results skipped="0" failed="0" ignored="0" total="2" passed="2">
  <reporter-output>
  </reporter-output>
  <suite name="Suite" duration-ms="76" started-at="2019-04-22T16:52:58Z" finished-at="2019-04-22T16:52:58Z">
    <groups>
    </groups>
    <test name="Validating User login" duration-ms="76" started-at="2019-04-22T16:52:58Z" finished-at="2019-04-22T16:52:58Z">
      <class name="sample.NewTest">
        <test-method status="PASS" signature="f()[pri:0, instance:sample.NewTest@7f690630]" name="f" duration-ms="15" started-at="2019-04-22T22:22:58Z" finished-at="2019-04-22T22:22:58Z">
          <reporter-output>
          </reporter-output>
        </test-method> <!-- f -->
        <test-method status="PASS" signature="test2()[pri:0, instance:sample.NewTest@7f690630]" name="test2" duration-ms="3" started-at="2019-04-22T22:22:58Z" finished-at="2019-04-22T22:22:58Z">
          <reporter-output>
          </reporter-output>
        </test-method> <!-- test2 -->
      </class> <!-- sample.NewTest -->
    </test> <!-- Validating User login -->
  </suite> <!-- Suite -->
</testng-results>
