<?xml version="1.0" encoding="UTF-8"?>
<testng-results skipped="0" failed="0" ignored="0" total="2" passed="2">
  <reporter-output>
  </reporter-output>
  <suite name="Suite" duration-ms="74" started-at="2019-04-16T16:36:09Z" finished-at="2019-04-16T16:36:09Z">
    <groups>
    </groups>
    <test name="Validating User login" duration-ms="74" started-at="2019-04-16T16:36:09Z" finished-at="2019-04-16T16:36:09Z">
      <class name="sample.NewTest">
        <test-method status="PASS" signature="f()[pri:0, instance:sample.NewTest@edf4efb]" name="f" duration-ms="14" started-at="2019-04-16T22:06:09Z" finished-at="2019-04-16T22:06:09Z">
          <reporter-output>
          </reporter-output>
        </test-method> <!-- f -->
        <test-method status="PASS" signature="test2()[pri:0, instance:sample.NewTest@edf4efb]" name="test2" duration-ms="4" started-at="2019-04-16T22:06:09Z" finished-at="2019-04-16T22:06:09Z">
          <reporter-output>
          </reporter-output>
        </test-method> <!-- test2 -->
      </class> <!-- sample.NewTest -->
    </test> <!-- Validating User login -->
  </suite> <!-- Suite -->
</testng-results>
